[2025-07-07 07:21:57]
[2025-07-07 07:21:57]
Filesystem      Size  Used Avail Use% Mounted on
devtmpfs        4.0M     0  4.0M   0% /dev
tmpfs           475M     0  475M   0% /dev/shm
tmpfs           190M  3.1M  187M   2% /run
/dev/xvda1      8.0G  5.0G  3.0G  63% /
tmpfs           475M     0  475M   0% /tmp
/dev/xvda128     10M  1.3M  8.7M  13% /boot/efi
tmpfs            95M     0   95M   0% /run/user/1000
[2025-07-07 07:21:57]
[2025-07-07 07:21:57]
[2025-07-07 07:28:16] ...............................................script started .....................................................
[2025-07-07 07:28:16] ...............................................checking the disk usage ............................................
Filesystem      Size  Used Avail Use% Mounted on
devtmpfs        4.0M     0  4.0M   0% /dev
tmpfs           475M     0  475M   0% /dev/shm
tmpfs           190M  3.1M  187M   2% /run
/dev/xvda1      8.0G  5.0G  3.0G  63% /
tmpfs           475M     0  475M   0% /tmp
/dev/xvda128     10M  1.3M  8.7M  13% /boot/efi
tmpfs            95M     0   95M   0% /run/user/1000
[2025-07-07 07:28:16] ................................................Disk check complete...............................................
[2025-07-07 07:28:16] ................................................Script Ended .... Thank you....................................... 
